d:\documents\visual studio 2017\projects\drpt\drpt\x64\release\main.obj
d:\documents\visual studio 2017\projects\drpt\drpt\x64\release\iconselect.obj
d:\documents\visual studio 2017\projects\drpt\drpt\x64\release\moc_clickablelabel.obj
d:\documents\visual studio 2017\projects\drpt\drpt\x64\release\discord.obj
d:\documents\visual studio 2017\projects\drpt\drpt\x64\release\mainwin.obj
d:\documents\visual studio 2017\projects\drpt\drpt\x64\release\moc_mainwin.obj
d:\documents\visual studio 2017\projects\drpt\drpt\x64\release\moc_aboutdialog.obj
d:\documents\visual studio 2017\projects\drpt\drpt\x64\release\clickablelabel.obj
d:\documents\visual studio 2017\projects\drpt\drpt\x64\release\aboutdialog.obj
d:\documents\visual studio 2017\projects\drpt\drpt\x64\release\qrc_drpt.obj
d:\documents\visual studio 2017\projects\drpt\drpt\generatedfiles\release\moc_mainwin.cpp
d:\documents\visual studio 2017\projects\drpt\drpt\generatedfiles\ui_mainwin.h
d:\documents\visual studio 2017\projects\drpt\drpt\generatedfiles\release\moc_clickablelabel.cpp
d:\documents\visual studio 2017\projects\drpt\drpt\generatedfiles\release\moc_aboutdialog.cpp
d:\documents\visual studio 2017\projects\drpt\drpt\generatedfiles\qrc_drpt.cpp
d:\documents\visual studio 2017\projects\drpt\drpt\generatedfiles\ui_aboutdialog.h
d:\documents\visual studio 2017\projects\drpt\drpt\x64\release\drpt.tlog\cl.command.1.tlog
d:\documents\visual studio 2017\projects\drpt\drpt\x64\release\drpt.tlog\cl.read.1.tlog
d:\documents\visual studio 2017\projects\drpt\drpt\x64\release\drpt.tlog\cl.write.1.tlog
d:\documents\visual studio 2017\projects\drpt\drpt\x64\release\drpt.tlog\custombuild.command.1.tlog
d:\documents\visual studio 2017\projects\drpt\drpt\x64\release\drpt.tlog\custombuild.read.1.tlog
d:\documents\visual studio 2017\projects\drpt\drpt\x64\release\drpt.tlog\custombuild.write.1.tlog
d:\documents\visual studio 2017\projects\drpt\drpt\x64\release\drpt.tlog\link.command.1.tlog
d:\documents\visual studio 2017\projects\drpt\drpt\x64\release\drpt.tlog\link.read.1.tlog
